2024-10-29 12:14:59 - Starting C:\Program Files\nodejs\node.exe  --harmony --max_old_space_size=4096 "C:\Users\Hello World!\Desktop\tagUI\express\node_modules\node-windows\lib\wrapper.js" --file "C:\Users\Hello World!\Desktop\tagUI\express\app.js" --scriptoptions= --log "TagUIService wrapper" --grow 0.25 --wait 1 --maxrestarts 3 --abortonerror n --stopparentfirst undefined
2024-10-29 12:14:59 - Started 10276
2024-10-31 08:26:02 - Stopping taguiservice.exe
2024-10-31 08:26:02 - ProcessKill 10276
2024-10-31 08:26:03 - Found child process: 17176 Name: conhost.exe
2024-10-31 08:26:03 - Found child process: 4988 Name: node.exe
2024-10-31 08:26:03 - Stopping process 17176
2024-10-31 08:26:03 - Send SIGINT 17176
2024-10-31 08:26:03 - SIGINT to 17176 failed - Killing as fallback
2024-10-31 08:26:03 - Stopping process 4988
2024-10-31 08:26:03 - Send SIGINT 4988
2024-10-31 08:26:03 - SIGINT to 4988 failed - Killing as fallback
2024-10-31 08:26:03 - Stopping process 10276
2024-10-31 08:26:03 - Send SIGINT 10276
2024-10-31 08:26:03 - SIGINT to 10276 failed - Killing as fallback
2024-10-31 08:26:03 - Finished taguiservice.exe
2024-10-31 08:34:43 - Starting C:\Program Files\nodejs\node.exe  --harmony --max_old_space_size=4096 "C:\Users\Hello World!\Desktop\tagUI\express\node_modules\node-windows\lib\wrapper.js" --file "C:\Users\Hello World!\Desktop\tagUI\express\app.js" --scriptoptions= --log "TagUIService wrapper" --grow 0.25 --wait 1 --maxrestarts 3 --abortonerror n --stopparentfirst undefined
2024-10-31 08:34:43 - Started 2960
2024-10-31 08:43:17 - Stopping taguiservice.exe
2024-10-31 08:43:17 - ProcessKill 2960
2024-10-31 08:43:17 - Found child process: 20292 Name: conhost.exe
2024-10-31 08:43:17 - Found child process: 2192 Name: node.exe
2024-10-31 08:43:17 - Stopping process 20292
2024-10-31 08:43:17 - Send SIGINT 20292
2024-10-31 08:43:18 - SIGINT to 20292 failed - Killing as fallback
2024-10-31 08:43:18 - Stopping process 2192
2024-10-31 08:43:18 - Send SIGINT 2192
2024-10-31 08:43:18 - SIGINT to 2192 failed - Killing as fallback
2024-10-31 08:43:18 - Stopping process 2960
2024-10-31 08:43:18 - Send SIGINT 2960
2024-10-31 08:43:18 - SIGINT to 2960 failed - Killing as fallback
2024-10-31 08:43:18 - Finished taguiservice.exe
