2025-03-21 09:16:07,797 - INFO - [backup.py:30] - Successfully initialized winotify for Windows 11 notifications
2025-03-21 09:16:07,799 - INFO - [backup.py:54] - Found icon at: C:\Users\Hello World!\Desktop\COMPLETE\aibroker-notif\ka.png
2025-03-21 09:16:07,799 - INFO - [backup.py:238] - Starting AITable Monitor...
2025-03-21 09:16:07,819 - INFO - [backup.py:77] - Successfully sent winotify notification: AI Broker Started
2025-03-21 09:16:09,242 - INFO - [backup.py:148] - Successfully fetched record count: 3
2025-03-21 09:16:09,246 - INFO - [backup.py:163] - Successfully saved record count: 3
2025-03-21 09:16:19,252 - INFO - [backup.py:207] - Checking for new records...
2025-03-21 09:16:19,267 - INFO - [backup.py:176] - Successfully loaded last record count: 3
2025-03-21 09:16:20,500 - INFO - [backup.py:148] - Successfully fetched record count: 3
2025-03-21 09:16:30,527 - INFO - [backup.py:207] - Checking for new records...
2025-03-21 09:16:30,528 - INFO - [backup.py:176] - Successfully loaded last record count: 3
2025-03-21 09:16:31,842 - INFO - [backup.py:148] - Successfully fetched record count: 4
2025-03-21 09:16:31,843 - INFO - [backup.py:216] - Found 1 new records!
2025-03-21 09:16:31,858 - INFO - [backup.py:77] - Successfully sent winotify notification: 🔔 AI Broker Alert!
2025-03-21 09:16:31,862 - INFO - [backup.py:163] - Successfully saved record count: 4
2025-03-21 09:16:41,870 - INFO - [backup.py:207] - Checking for new records...
2025-03-21 09:16:41,881 - INFO - [backup.py:176] - Successfully loaded last record count: 4
2025-03-21 09:16:43,122 - INFO - [backup.py:148] - Successfully fetched record count: 4
2025-03-21 09:16:53,129 - INFO - [backup.py:207] - Checking for new records...
2025-03-21 09:16:53,130 - INFO - [backup.py:176] - Successfully loaded last record count: 4
2025-03-21 09:16:54,317 - INFO - [backup.py:148] - Successfully fetched record count: 4
2025-03-21 09:16:56,008 - INFO - [backup.py:259] - Monitoring stopped by user
2025-03-21 09:17:44,370 - INFO - [backup.py:30] - Successfully initialized winotify for Windows 11 notifications
2025-03-21 09:17:44,372 - INFO - [backup.py:54] - Found icon at: C:\Users\Hello World!\Desktop\COMPLETE\aibroker-notif\ka.png
2025-03-21 09:17:44,372 - INFO - [backup.py:238] - Starting AITable Monitor...
2025-03-21 09:17:44,389 - INFO - [backup.py:77] - Successfully sent winotify notification: AI Broker Started
2025-03-21 09:17:45,578 - INFO - [backup.py:148] - Successfully fetched record count: 2
2025-03-21 09:17:45,579 - INFO - [backup.py:163] - Successfully saved record count: 2
2025-03-21 09:17:52,798 - INFO - [backup.py:259] - Monitoring stopped by user
2025-03-25 13:31:17,403 - INFO - [aitable_notifier.py:30] - Successfully initialized winotify for Windows 11 notifications
2025-03-25 13:31:17,406 - INFO - [aitable_notifier.py:54] - Found icon at: C:\Users\Hello World!\Desktop\COMPLETE\AIBROKER-NOTIF\ka.png
2025-03-25 13:31:17,406 - INFO - [aitable_notifier.py:238] - Starting AITable Monitor...
2025-03-25 13:31:17,452 - INFO - [aitable_notifier.py:77] - Successfully sent winotify notification: AI Broker Started
2025-03-25 13:31:19,366 - INFO - [aitable_notifier.py:148] - Successfully fetched record count: 0
2025-03-25 13:31:19,369 - INFO - [aitable_notifier.py:163] - Successfully saved record count: 0
2025-03-25 13:31:29,486 - INFO - [aitable_notifier.py:207] - Checking for new records...
2025-03-25 13:31:29,488 - INFO - [aitable_notifier.py:176] - Successfully loaded last record count: 0
2025-03-25 13:31:31,020 - INFO - [aitable_notifier.py:148] - Successfully fetched record count: 0
2025-03-25 13:31:41,051 - INFO - [aitable_notifier.py:207] - Checking for new records...
2025-03-25 13:31:41,053 - INFO - [aitable_notifier.py:176] - Successfully loaded last record count: 0
2025-03-25 13:31:41,899 - INFO - [aitable_notifier.py:148] - Successfully fetched record count: 0
2025-03-25 13:31:51,944 - INFO - [aitable_notifier.py:207] - Checking for new records...
2025-03-25 13:31:51,953 - INFO - [aitable_notifier.py:176] - Successfully loaded last record count: 0
2025-03-25 13:31:53,478 - INFO - [aitable_notifier.py:148] - Successfully fetched record count: 0
2025-03-25 13:32:03,500 - INFO - [aitable_notifier.py:207] - Checking for new records...
2025-03-25 13:32:03,502 - INFO - [aitable_notifier.py:176] - Successfully loaded last record count: 0
2025-03-25 13:32:04,712 - INFO - [aitable_notifier.py:148] - Successfully fetched record count: 0
2025-03-25 13:32:14,763 - INFO - [aitable_notifier.py:207] - Checking for new records...
2025-03-25 13:32:14,766 - INFO - [aitable_notifier.py:176] - Successfully loaded last record count: 0
2025-03-25 13:32:16,153 - INFO - [aitable_notifier.py:148] - Successfully fetched record count: 0
2025-03-25 13:32:26,158 - INFO - [aitable_notifier.py:207] - Checking for new records...
2025-03-25 13:32:26,158 - INFO - [aitable_notifier.py:176] - Successfully loaded last record count: 0
2025-03-25 13:32:27,393 - INFO - [aitable_notifier.py:148] - Successfully fetched record count: 0
2025-03-25 13:32:37,460 - INFO - [aitable_notifier.py:207] - Checking for new records...
2025-03-25 13:32:37,464 - INFO - [aitable_notifier.py:176] - Successfully loaded last record count: 0
2025-03-25 13:32:39,044 - INFO - [aitable_notifier.py:148] - Successfully fetched record count: 0
2025-03-25 13:32:49,089 - INFO - [aitable_notifier.py:207] - Checking for new records...
2025-03-25 13:32:49,092 - INFO - [aitable_notifier.py:176] - Successfully loaded last record count: 0
2025-03-25 13:32:50,610 - INFO - [aitable_notifier.py:148] - Successfully fetched record count: 0
2025-03-25 13:33:00,672 - INFO - [aitable_notifier.py:207] - Checking for new records...
2025-03-25 13:33:00,679 - INFO - [aitable_notifier.py:176] - Successfully loaded last record count: 0
2025-03-25 13:33:01,962 - INFO - [aitable_notifier.py:148] - Successfully fetched record count: 0
2025-03-25 13:33:11,969 - INFO - [aitable_notifier.py:207] - Checking for new records...
2025-03-25 13:33:11,972 - INFO - [aitable_notifier.py:176] - Successfully loaded last record count: 0
2025-03-25 13:33:13,349 - INFO - [aitable_notifier.py:148] - Successfully fetched record count: 0
2025-03-25 13:33:23,368 - INFO - [aitable_notifier.py:207] - Checking for new records...
2025-03-25 13:33:23,370 - INFO - [aitable_notifier.py:176] - Successfully loaded last record count: 0
2025-03-25 13:33:24,703 - INFO - [aitable_notifier.py:148] - Successfully fetched record count: 0
2025-03-25 13:33:34,739 - INFO - [aitable_notifier.py:207] - Checking for new records...
2025-03-25 13:33:34,740 - INFO - [aitable_notifier.py:176] - Successfully loaded last record count: 0
2025-03-25 13:33:35,937 - INFO - [aitable_notifier.py:148] - Successfully fetched record count: 0
2025-03-25 13:33:45,966 - INFO - [aitable_notifier.py:207] - Checking for new records...
2025-03-25 13:33:45,967 - INFO - [aitable_notifier.py:176] - Successfully loaded last record count: 0
2025-03-25 13:33:47,318 - INFO - [aitable_notifier.py:148] - Successfully fetched record count: 1
2025-03-25 13:33:47,318 - INFO - [aitable_notifier.py:216] - Found 1 new records!
2025-03-25 13:33:47,347 - INFO - [aitable_notifier.py:77] - Successfully sent winotify notification: 🔔 AI Broker Alert!
2025-03-25 13:33:47,349 - INFO - [aitable_notifier.py:163] - Successfully saved record count: 1
2025-03-25 13:33:57,373 - INFO - [aitable_notifier.py:207] - Checking for new records...
2025-03-25 13:33:57,375 - INFO - [aitable_notifier.py:176] - Successfully loaded last record count: 1
2025-03-25 13:33:58,757 - INFO - [aitable_notifier.py:148] - Successfully fetched record count: 1
2025-03-25 13:34:08,766 - INFO - [aitable_notifier.py:207] - Checking for new records...
2025-03-25 13:34:08,768 - INFO - [aitable_notifier.py:176] - Successfully loaded last record count: 1
2025-03-25 13:34:10,011 - INFO - [aitable_notifier.py:148] - Successfully fetched record count: 1
2025-03-25 13:34:20,021 - INFO - [aitable_notifier.py:207] - Checking for new records...
2025-03-25 13:34:20,021 - INFO - [aitable_notifier.py:176] - Successfully loaded last record count: 1
2025-03-25 13:34:21,410 - INFO - [aitable_notifier.py:148] - Successfully fetched record count: 1
2025-03-25 13:34:31,468 - INFO - [aitable_notifier.py:207] - Checking for new records...
2025-03-25 13:34:31,468 - INFO - [aitable_notifier.py:176] - Successfully loaded last record count: 1
2025-03-25 13:34:32,747 - INFO - [aitable_notifier.py:148] - Successfully fetched record count: 1
2025-03-25 13:34:42,878 - INFO - [aitable_notifier.py:207] - Checking for new records...
2025-03-25 13:34:42,882 - INFO - [aitable_notifier.py:176] - Successfully loaded last record count: 1
2025-03-25 13:34:43,847 - INFO - [aitable_notifier.py:148] - Successfully fetched record count: 1
2025-03-25 13:34:53,864 - INFO - [aitable_notifier.py:207] - Checking for new records...
2025-03-25 13:34:53,866 - INFO - [aitable_notifier.py:176] - Successfully loaded last record count: 1
2025-03-25 13:34:55,120 - INFO - [aitable_notifier.py:148] - Successfully fetched record count: 1
2025-03-25 13:35:05,162 - INFO - [aitable_notifier.py:207] - Checking for new records...
2025-03-25 13:35:05,171 - INFO - [aitable_notifier.py:176] - Successfully loaded last record count: 1
2025-03-25 13:35:06,466 - INFO - [aitable_notifier.py:148] - Successfully fetched record count: 1
2025-03-25 13:35:16,484 - INFO - [aitable_notifier.py:207] - Checking for new records...
2025-03-25 13:35:16,490 - INFO - [aitable_notifier.py:176] - Successfully loaded last record count: 1
2025-03-25 13:35:17,753 - INFO - [aitable_notifier.py:148] - Successfully fetched record count: 1
2025-03-25 13:35:27,764 - INFO - [aitable_notifier.py:207] - Checking for new records...
2025-03-25 13:35:27,766 - INFO - [aitable_notifier.py:176] - Successfully loaded last record count: 1
2025-03-25 13:35:29,007 - INFO - [aitable_notifier.py:148] - Successfully fetched record count: 1
2025-03-25 13:35:39,022 - INFO - [aitable_notifier.py:207] - Checking for new records...
2025-03-25 13:35:39,024 - INFO - [aitable_notifier.py:176] - Successfully loaded last record count: 1
2025-03-25 13:35:40,321 - INFO - [aitable_notifier.py:148] - Successfully fetched record count: 1
2025-03-25 13:35:50,396 - INFO - [aitable_notifier.py:207] - Checking for new records...
2025-03-25 13:35:50,397 - INFO - [aitable_notifier.py:176] - Successfully loaded last record count: 1
2025-03-25 13:35:51,717 - INFO - [aitable_notifier.py:148] - Successfully fetched record count: 1
2025-03-25 13:36:01,728 - INFO - [aitable_notifier.py:207] - Checking for new records...
2025-03-25 13:36:01,731 - INFO - [aitable_notifier.py:176] - Successfully loaded last record count: 1
2025-03-25 13:36:02,957 - INFO - [aitable_notifier.py:148] - Successfully fetched record count: 1
2025-03-25 13:36:12,972 - INFO - [aitable_notifier.py:207] - Checking for new records...
2025-03-25 13:36:12,972 - INFO - [aitable_notifier.py:176] - Successfully loaded last record count: 1
2025-03-25 13:36:14,302 - INFO - [aitable_notifier.py:148] - Successfully fetched record count: 1
2025-03-25 13:36:24,342 - INFO - [aitable_notifier.py:207] - Checking for new records...
2025-03-25 13:36:24,349 - INFO - [aitable_notifier.py:176] - Successfully loaded last record count: 1
2025-03-25 13:36:25,595 - INFO - [aitable_notifier.py:148] - Successfully fetched record count: 1
2025-03-25 13:36:35,606 - INFO - [aitable_notifier.py:207] - Checking for new records...
2025-03-25 13:36:35,606 - INFO - [aitable_notifier.py:176] - Successfully loaded last record count: 1
2025-03-25 13:36:36,844 - INFO - [aitable_notifier.py:148] - Successfully fetched record count: 1
2025-03-25 13:36:46,922 - INFO - [aitable_notifier.py:207] - Checking for new records...
2025-03-25 13:36:46,923 - INFO - [aitable_notifier.py:176] - Successfully loaded last record count: 1
2025-03-25 13:36:48,139 - INFO - [aitable_notifier.py:148] - Successfully fetched record count: 1
2025-03-25 13:36:58,163 - INFO - [aitable_notifier.py:207] - Checking for new records...
2025-03-25 13:36:58,165 - INFO - [aitable_notifier.py:176] - Successfully loaded last record count: 1
2025-03-25 13:36:59,362 - INFO - [aitable_notifier.py:148] - Successfully fetched record count: 1
2025-03-25 13:37:09,372 - INFO - [aitable_notifier.py:207] - Checking for new records...
2025-03-25 13:37:09,374 - INFO - [aitable_notifier.py:176] - Successfully loaded last record count: 1
2025-03-25 13:37:10,541 - INFO - [aitable_notifier.py:148] - Successfully fetched record count: 1
2025-03-25 13:37:20,559 - INFO - [aitable_notifier.py:207] - Checking for new records...
2025-03-25 13:37:20,560 - INFO - [aitable_notifier.py:176] - Successfully loaded last record count: 1
2025-03-25 13:37:21,863 - INFO - [aitable_notifier.py:148] - Successfully fetched record count: 1
2025-03-25 13:37:31,871 - INFO - [aitable_notifier.py:207] - Checking for new records...
2025-03-25 13:37:31,873 - INFO - [aitable_notifier.py:176] - Successfully loaded last record count: 1
2025-03-25 13:37:33,106 - INFO - [aitable_notifier.py:148] - Successfully fetched record count: 1
2025-03-25 13:37:43,166 - INFO - [aitable_notifier.py:207] - Checking for new records...
2025-03-25 13:37:43,168 - INFO - [aitable_notifier.py:176] - Successfully loaded last record count: 1
2025-03-25 13:37:44,404 - INFO - [aitable_notifier.py:148] - Successfully fetched record count: 1
2025-03-25 13:37:54,419 - INFO - [aitable_notifier.py:207] - Checking for new records...
2025-03-25 13:37:54,420 - INFO - [aitable_notifier.py:176] - Successfully loaded last record count: 1
2025-03-25 13:37:55,761 - INFO - [aitable_notifier.py:148] - Successfully fetched record count: 1
2025-03-25 13:38:05,928 - INFO - [aitable_notifier.py:207] - Checking for new records...
2025-03-25 13:38:05,931 - INFO - [aitable_notifier.py:176] - Successfully loaded last record count: 1
2025-03-25 13:38:07,202 - INFO - [aitable_notifier.py:148] - Successfully fetched record count: 1
2025-03-25 13:38:17,266 - INFO - [aitable_notifier.py:207] - Checking for new records...
2025-03-25 13:38:17,271 - INFO - [aitable_notifier.py:176] - Successfully loaded last record count: 1
2025-03-25 13:38:18,499 - INFO - [aitable_notifier.py:148] - Successfully fetched record count: 1
2025-03-25 13:38:28,564 - INFO - [aitable_notifier.py:207] - Checking for new records...
2025-03-25 13:38:28,566 - INFO - [aitable_notifier.py:176] - Successfully loaded last record count: 1
2025-03-25 13:38:29,779 - INFO - [aitable_notifier.py:148] - Successfully fetched record count: 1
2025-03-25 13:38:39,786 - INFO - [aitable_notifier.py:207] - Checking for new records...
2025-03-25 13:38:39,787 - INFO - [aitable_notifier.py:176] - Successfully loaded last record count: 1
2025-03-25 13:38:40,989 - INFO - [aitable_notifier.py:148] - Successfully fetched record count: 1
2025-03-25 13:38:50,997 - INFO - [aitable_notifier.py:207] - Checking for new records...
2025-03-25 13:38:50,998 - INFO - [aitable_notifier.py:176] - Successfully loaded last record count: 1
2025-03-25 13:38:52,077 - INFO - [aitable_notifier.py:148] - Successfully fetched record count: 1
2025-03-25 13:39:02,086 - INFO - [aitable_notifier.py:207] - Checking for new records...
2025-03-25 13:39:02,087 - INFO - [aitable_notifier.py:176] - Successfully loaded last record count: 1
2025-03-25 13:39:03,261 - INFO - [aitable_notifier.py:148] - Successfully fetched record count: 1
2025-03-25 13:39:13,343 - INFO - [aitable_notifier.py:207] - Checking for new records...
2025-03-25 13:39:13,344 - INFO - [aitable_notifier.py:176] - Successfully loaded last record count: 1
2025-03-25 13:39:14,609 - INFO - [aitable_notifier.py:148] - Successfully fetched record count: 1
2025-03-25 13:39:24,638 - INFO - [aitable_notifier.py:207] - Checking for new records...
2025-03-25 13:39:24,649 - INFO - [aitable_notifier.py:176] - Successfully loaded last record count: 1
2025-03-25 13:39:25,934 - INFO - [aitable_notifier.py:148] - Successfully fetched record count: 0
2025-03-25 13:39:35,941 - INFO - [aitable_notifier.py:207] - Checking for new records...
2025-03-25 13:39:35,943 - INFO - [aitable_notifier.py:176] - Successfully loaded last record count: 1
2025-03-25 13:39:37,124 - INFO - [aitable_notifier.py:148] - Successfully fetched record count: 0
2025-03-25 13:39:47,136 - INFO - [aitable_notifier.py:207] - Checking for new records...
2025-03-25 13:39:47,137 - INFO - [aitable_notifier.py:176] - Successfully loaded last record count: 1
2025-03-25 13:39:48,314 - INFO - [aitable_notifier.py:148] - Successfully fetched record count: 0
2025-03-25 13:39:58,351 - INFO - [aitable_notifier.py:207] - Checking for new records...
2025-03-25 13:39:58,354 - INFO - [aitable_notifier.py:176] - Successfully loaded last record count: 1
2025-03-25 13:39:59,533 - INFO - [aitable_notifier.py:148] - Successfully fetched record count: 0
2025-03-25 13:40:09,811 - INFO - [aitable_notifier.py:207] - Checking for new records...
2025-03-25 13:40:09,812 - INFO - [aitable_notifier.py:176] - Successfully loaded last record count: 1
2025-03-25 13:40:11,449 - INFO - [aitable_notifier.py:148] - Successfully fetched record count: 0
2025-03-25 13:40:21,605 - INFO - [aitable_notifier.py:207] - Checking for new records...
2025-03-25 13:40:21,607 - INFO - [aitable_notifier.py:176] - Successfully loaded last record count: 1
2025-03-25 13:40:22,795 - INFO - [aitable_notifier.py:148] - Successfully fetched record count: 0
2025-03-25 13:40:32,808 - INFO - [aitable_notifier.py:207] - Checking for new records...
2025-03-25 13:40:32,811 - INFO - [aitable_notifier.py:176] - Successfully loaded last record count: 1
2025-03-25 13:40:34,074 - INFO - [aitable_notifier.py:148] - Successfully fetched record count: 0
2025-03-25 13:40:44,082 - INFO - [aitable_notifier.py:207] - Checking for new records...
2025-03-25 13:40:44,085 - INFO - [aitable_notifier.py:176] - Successfully loaded last record count: 1
2025-03-25 13:40:45,507 - INFO - [aitable_notifier.py:148] - Successfully fetched record count: 0
2025-03-25 13:40:55,597 - INFO - [aitable_notifier.py:207] - Checking for new records...
2025-03-25 13:40:55,600 - INFO - [aitable_notifier.py:176] - Successfully loaded last record count: 1
2025-03-25 13:40:56,831 - INFO - [aitable_notifier.py:148] - Successfully fetched record count: 0
2025-03-25 13:41:06,890 - INFO - [aitable_notifier.py:207] - Checking for new records...
2025-03-25 13:41:06,891 - INFO - [aitable_notifier.py:176] - Successfully loaded last record count: 1
2025-03-25 13:41:08,080 - INFO - [aitable_notifier.py:148] - Successfully fetched record count: 0
2025-03-25 13:41:18,092 - INFO - [aitable_notifier.py:207] - Checking for new records...
2025-03-25 13:41:18,093 - INFO - [aitable_notifier.py:176] - Successfully loaded last record count: 1
2025-03-25 13:41:19,213 - INFO - [aitable_notifier.py:148] - Successfully fetched record count: 0
2025-04-07 06:49:25,005 - INFO - [aitable_notifier.py:30] - Successfully initialized winotify for Windows 11 notifications
2025-04-07 06:49:25,007 - INFO - [aitable_notifier.py:54] - Found icon at: C:\Users\Hello World!\Desktop\COMPLETE\AIBROKER-NOTIF\ka.png
2025-04-07 06:49:25,007 - INFO - [aitable_notifier.py:238] - Starting AITable Monitor...
2025-04-07 06:49:25,027 - INFO - [aitable_notifier.py:77] - Successfully sent winotify notification: AI Broker Started
2025-04-07 06:49:26,423 - INFO - [aitable_notifier.py:148] - Successfully fetched record count: 4
2025-04-07 06:49:26,425 - INFO - [aitable_notifier.py:163] - Successfully saved record count: 4
2025-04-07 06:49:36,474 - INFO - [aitable_notifier.py:207] - Checking for new records...
2025-04-07 06:49:36,475 - INFO - [aitable_notifier.py:176] - Successfully loaded last record count: 4
2025-04-07 06:49:37,810 - INFO - [aitable_notifier.py:148] - Successfully fetched record count: 4
2025-04-07 06:49:47,937 - INFO - [aitable_notifier.py:207] - Checking for new records...
2025-04-07 06:49:47,938 - INFO - [aitable_notifier.py:176] - Successfully loaded last record count: 4
2025-04-07 06:49:49,425 - INFO - [aitable_notifier.py:148] - Successfully fetched record count: 4
2025-04-07 06:49:59,549 - INFO - [aitable_notifier.py:207] - Checking for new records...
2025-04-07 06:49:59,551 - INFO - [aitable_notifier.py:176] - Successfully loaded last record count: 4
2025-04-07 06:50:00,746 - INFO - [aitable_notifier.py:148] - Successfully fetched record count: 4
2025-04-07 06:50:10,878 - INFO - [aitable_notifier.py:207] - Checking for new records...
2025-04-07 06:50:10,878 - INFO - [aitable_notifier.py:176] - Successfully loaded last record count: 4
2025-04-07 06:50:12,152 - INFO - [aitable_notifier.py:148] - Successfully fetched record count: 4
2025-04-07 06:50:22,159 - INFO - [aitable_notifier.py:207] - Checking for new records...
2025-04-07 06:50:22,159 - INFO - [aitable_notifier.py:176] - Successfully loaded last record count: 4
2025-04-07 06:50:23,521 - INFO - [aitable_notifier.py:148] - Successfully fetched record count: 4
2025-04-07 06:50:33,544 - INFO - [aitable_notifier.py:207] - Checking for new records...
2025-04-07 06:50:33,545 - INFO - [aitable_notifier.py:176] - Successfully loaded last record count: 4
2025-04-07 06:50:34,738 - INFO - [aitable_notifier.py:148] - Successfully fetched record count: 4
2025-04-07 06:50:44,788 - INFO - [aitable_notifier.py:207] - Checking for new records...
2025-04-07 06:50:44,788 - INFO - [aitable_notifier.py:176] - Successfully loaded last record count: 4
2025-04-07 06:50:46,188 - INFO - [aitable_notifier.py:148] - Successfully fetched record count: 4
2025-04-07 06:50:56,195 - INFO - [aitable_notifier.py:207] - Checking for new records...
2025-04-07 06:50:56,195 - INFO - [aitable_notifier.py:176] - Successfully loaded last record count: 4
2025-04-07 06:50:57,418 - INFO - [aitable_notifier.py:148] - Successfully fetched record count: 4
2025-04-07 06:51:07,565 - INFO - [aitable_notifier.py:207] - Checking for new records...
2025-04-07 06:51:07,566 - INFO - [aitable_notifier.py:176] - Successfully loaded last record count: 4
2025-04-07 06:51:09,084 - INFO - [aitable_notifier.py:148] - Successfully fetched record count: 4
2025-04-07 06:51:53,991 - INFO - [aitable_notifier.py:30] - Successfully initialized winotify for Windows 11 notifications
2025-04-07 06:51:53,992 - INFO - [aitable_notifier.py:54] - Found icon at: C:\Users\Hello World!\Desktop\COMPLETE\AIBROKER-NOTIF\ka.png
2025-04-07 06:51:53,992 - INFO - [aitable_notifier.py:238] - Starting AITable Monitor...
2025-04-07 06:51:54,013 - INFO - [aitable_notifier.py:77] - Successfully sent winotify notification: AI Broker Started
2025-04-07 06:51:55,325 - INFO - [aitable_notifier.py:148] - Successfully fetched record count: 4
2025-04-07 06:51:55,327 - INFO - [aitable_notifier.py:163] - Successfully saved record count: 4
2025-04-07 06:52:05,335 - INFO - [aitable_notifier.py:207] - Checking for new records...
2025-04-07 06:52:05,338 - INFO - [aitable_notifier.py:176] - Successfully loaded last record count: 4
2025-04-07 06:52:06,637 - INFO - [aitable_notifier.py:148] - Successfully fetched record count: 4
2025-04-07 06:52:16,755 - INFO - [aitable_notifier.py:207] - Checking for new records...
2025-04-07 06:52:16,756 - INFO - [aitable_notifier.py:176] - Successfully loaded last record count: 4
2025-04-07 06:52:18,110 - INFO - [aitable_notifier.py:148] - Successfully fetched record count: 4
2025-04-07 06:52:28,245 - INFO - [aitable_notifier.py:207] - Checking for new records...
2025-04-07 06:52:28,246 - INFO - [aitable_notifier.py:176] - Successfully loaded last record count: 4
2025-04-07 06:52:29,444 - INFO - [aitable_notifier.py:148] - Successfully fetched record count: 4
2025-04-07 06:52:39,527 - INFO - [aitable_notifier.py:207] - Checking for new records...
2025-04-07 06:52:39,528 - INFO - [aitable_notifier.py:176] - Successfully loaded last record count: 4
2025-04-07 06:52:40,682 - INFO - [aitable_notifier.py:148] - Successfully fetched record count: 4
2025-04-07 06:52:50,689 - INFO - [aitable_notifier.py:207] - Checking for new records...
2025-04-07 06:52:50,689 - INFO - [aitable_notifier.py:176] - Successfully loaded last record count: 4
2025-04-07 06:52:52,056 - INFO - [aitable_notifier.py:148] - Successfully fetched record count: 4
2025-04-07 06:53:02,062 - INFO - [aitable_notifier.py:207] - Checking for new records...
2025-04-07 06:53:02,075 - INFO - [aitable_notifier.py:176] - Successfully loaded last record count: 4
2025-04-07 06:53:03,371 - INFO - [aitable_notifier.py:148] - Successfully fetched record count: 4
2025-04-07 06:53:13,489 - INFO - [aitable_notifier.py:207] - Checking for new records...
2025-04-07 06:53:13,491 - INFO - [aitable_notifier.py:176] - Successfully loaded last record count: 4
2025-04-07 06:53:14,762 - INFO - [aitable_notifier.py:148] - Successfully fetched record count: 4
2025-04-07 06:53:24,874 - INFO - [aitable_notifier.py:207] - Checking for new records...
2025-04-07 06:53:24,875 - INFO - [aitable_notifier.py:176] - Successfully loaded last record count: 4
2025-04-07 06:53:26,085 - INFO - [aitable_notifier.py:148] - Successfully fetched record count: 4
2025-04-07 06:53:36,136 - INFO - [aitable_notifier.py:207] - Checking for new records...
2025-04-07 06:53:36,153 - INFO - [aitable_notifier.py:176] - Successfully loaded last record count: 4
2025-04-07 06:53:56,749 - INFO - [aitable_notifier.py:30] - Successfully initialized winotify for Windows 11 notifications
2025-04-07 06:53:56,750 - INFO - [aitable_notifier.py:54] - Found icon at: C:\Users\Hello World!\Desktop\COMPLETE\AIBROKER-NOTIF\ka.png
2025-04-07 06:53:56,750 - INFO - [aitable_notifier.py:238] - Starting AITable Monitor...
2025-04-07 06:53:56,770 - INFO - [aitable_notifier.py:77] - Successfully sent winotify notification: AI Broker Started
2025-04-07 06:53:58,236 - INFO - [aitable_notifier.py:148] - Successfully fetched record count: 4
2025-04-07 06:53:58,239 - INFO - [aitable_notifier.py:163] - Successfully saved record count: 4
2025-04-07 06:54:08,299 - INFO - [aitable_notifier.py:207] - Checking for new records...
2025-04-07 06:54:08,300 - INFO - [aitable_notifier.py:176] - Successfully loaded last record count: 4
2025-04-07 06:54:09,513 - INFO - [aitable_notifier.py:148] - Successfully fetched record count: 4
2025-04-07 06:54:19,601 - INFO - [aitable_notifier.py:207] - Checking for new records...
2025-04-07 06:54:19,601 - INFO - [aitable_notifier.py:176] - Successfully loaded last record count: 4
2025-04-07 06:54:20,920 - INFO - [aitable_notifier.py:148] - Successfully fetched record count: 4
2025-04-07 06:54:30,941 - INFO - [aitable_notifier.py:207] - Checking for new records...
2025-04-07 06:54:30,942 - INFO - [aitable_notifier.py:176] - Successfully loaded last record count: 4
2025-04-07 06:54:32,195 - INFO - [aitable_notifier.py:148] - Successfully fetched record count: 4
2025-04-07 06:54:42,221 - INFO - [aitable_notifier.py:207] - Checking for new records...
2025-04-07 06:54:42,222 - INFO - [aitable_notifier.py:176] - Successfully loaded last record count: 4
2025-04-07 06:54:43,480 - INFO - [aitable_notifier.py:148] - Successfully fetched record count: 4
2025-04-07 06:54:53,558 - INFO - [aitable_notifier.py:207] - Checking for new records...
2025-04-07 06:54:53,560 - INFO - [aitable_notifier.py:176] - Successfully loaded last record count: 4
2025-04-07 06:54:54,718 - INFO - [aitable_notifier.py:148] - Successfully fetched record count: 4
2025-04-07 06:55:04,726 - INFO - [aitable_notifier.py:207] - Checking for new records...
2025-04-07 06:55:04,726 - INFO - [aitable_notifier.py:176] - Successfully loaded last record count: 4
2025-04-07 06:55:05,919 - INFO - [aitable_notifier.py:148] - Successfully fetched record count: 4
2025-04-07 06:55:15,948 - INFO - [aitable_notifier.py:207] - Checking for new records...
2025-04-07 06:55:15,950 - INFO - [aitable_notifier.py:176] - Successfully loaded last record count: 4
2025-04-07 06:55:17,299 - INFO - [aitable_notifier.py:148] - Successfully fetched record count: 4
2025-04-07 06:55:27,309 - INFO - [aitable_notifier.py:207] - Checking for new records...
2025-04-07 06:55:27,310 - INFO - [aitable_notifier.py:176] - Successfully loaded last record count: 4
2025-04-07 06:55:28,604 - INFO - [aitable_notifier.py:148] - Successfully fetched record count: 4
2025-04-07 06:55:38,609 - INFO - [aitable_notifier.py:207] - Checking for new records...
2025-04-07 06:55:38,610 - INFO - [aitable_notifier.py:176] - Successfully loaded last record count: 4
2025-04-07 06:55:39,843 - INFO - [aitable_notifier.py:148] - Successfully fetched record count: 4
2025-04-07 06:55:49,866 - INFO - [aitable_notifier.py:207] - Checking for new records...
2025-04-07 06:55:49,869 - INFO - [aitable_notifier.py:176] - Successfully loaded last record count: 4
2025-04-07 06:55:51,084 - INFO - [aitable_notifier.py:148] - Successfully fetched record count: 4
2025-04-07 06:56:01,125 - INFO - [aitable_notifier.py:207] - Checking for new records...
2025-04-07 06:56:01,130 - INFO - [aitable_notifier.py:176] - Successfully loaded last record count: 4
2025-04-07 06:56:02,498 - INFO - [aitable_notifier.py:148] - Successfully fetched record count: 4
2025-04-07 06:56:12,505 - INFO - [aitable_notifier.py:207] - Checking for new records...
2025-04-07 06:56:12,506 - INFO - [aitable_notifier.py:176] - Successfully loaded last record count: 4
2025-04-07 13:13:41,055 - INFO - [aitable_notifier.py:30] - Successfully initialized winotify for Windows 11 notifications
2025-04-07 13:13:41,056 - INFO - [aitable_notifier.py:54] - Found icon at: C:\Users\Hello World!\Desktop\COMPLETE\AIBROKER-NOTIF\ka.png
2025-04-07 13:13:41,057 - INFO - [aitable_notifier.py:238] - Starting AITable Monitor...
2025-04-07 13:13:41,071 - INFO - [aitable_notifier.py:77] - Successfully sent winotify notification: AI Broker Started
2025-04-07 13:13:42,435 - INFO - [aitable_notifier.py:148] - Successfully fetched record count: 4
2025-04-07 13:13:42,438 - INFO - [aitable_notifier.py:163] - Successfully saved record count: 4
2025-04-07 13:13:52,446 - INFO - [aitable_notifier.py:207] - Checking for new records...
2025-04-07 13:13:52,447 - INFO - [aitable_notifier.py:176] - Successfully loaded last record count: 4
2025-04-07 13:13:53,664 - INFO - [aitable_notifier.py:148] - Successfully fetched record count: 4
2025-04-07 13:14:03,776 - INFO - [aitable_notifier.py:207] - Checking for new records...
2025-04-07 13:14:03,777 - INFO - [aitable_notifier.py:176] - Successfully loaded last record count: 4
2025-04-07 13:14:05,152 - INFO - [aitable_notifier.py:148] - Successfully fetched record count: 4
2025-04-07 13:14:15,233 - INFO - [aitable_notifier.py:207] - Checking for new records...
2025-04-07 13:14:15,234 - INFO - [aitable_notifier.py:176] - Successfully loaded last record count: 4
2025-04-07 13:14:16,520 - INFO - [aitable_notifier.py:148] - Successfully fetched record count: 4
2025-04-07 13:14:26,527 - INFO - [aitable_notifier.py:207] - Checking for new records...
2025-04-07 13:14:26,527 - INFO - [aitable_notifier.py:176] - Successfully loaded last record count: 4
2025-04-07 13:14:27,776 - INFO - [aitable_notifier.py:148] - Successfully fetched record count: 4
2025-04-07 13:14:37,782 - INFO - [aitable_notifier.py:207] - Checking for new records...
2025-04-07 13:14:37,783 - INFO - [aitable_notifier.py:176] - Successfully loaded last record count: 4
2025-04-07 13:14:38,973 - INFO - [aitable_notifier.py:148] - Successfully fetched record count: 4
2025-04-07 13:14:49,000 - INFO - [aitable_notifier.py:207] - Checking for new records...
2025-04-07 13:14:49,001 - INFO - [aitable_notifier.py:176] - Successfully loaded last record count: 4
2025-04-07 13:14:50,275 - INFO - [aitable_notifier.py:148] - Successfully fetched record count: 4
2025-04-07 13:15:00,282 - INFO - [aitable_notifier.py:207] - Checking for new records...
2025-04-07 13:15:00,283 - INFO - [aitable_notifier.py:176] - Successfully loaded last record count: 4
2025-04-07 13:15:01,525 - INFO - [aitable_notifier.py:148] - Successfully fetched record count: 4
2025-04-07 13:15:11,534 - INFO - [aitable_notifier.py:207] - Checking for new records...
2025-04-07 13:15:11,535 - INFO - [aitable_notifier.py:176] - Successfully loaded last record count: 4
2025-04-07 13:15:12,866 - INFO - [aitable_notifier.py:148] - Successfully fetched record count: 4
2025-04-07 13:15:22,885 - INFO - [aitable_notifier.py:207] - Checking for new records...
2025-04-07 13:15:22,887 - INFO - [aitable_notifier.py:176] - Successfully loaded last record count: 4
2025-04-07 13:15:24,117 - INFO - [aitable_notifier.py:148] - Successfully fetched record count: 4
2025-04-07 13:15:34,269 - INFO - [aitable_notifier.py:207] - Checking for new records...
2025-04-07 13:15:34,304 - INFO - [aitable_notifier.py:176] - Successfully loaded last record count: 4
2025-04-07 13:15:35,584 - INFO - [aitable_notifier.py:148] - Successfully fetched record count: 4
2025-04-08 14:04:58,709 - INFO - [aitable_notifier.py:30] - Successfully initialized winotify for Windows 11 notifications
2025-04-08 14:04:58,711 - INFO - [aitable_notifier.py:54] - Found icon at: C:\Users\Hello World!\Desktop\COMPLETE\AIBROKER-NOTIF\ka.png
2025-04-08 14:04:58,712 - INFO - [aitable_notifier.py:238] - Starting AITable Monitor...
2025-04-08 14:04:58,734 - INFO - [aitable_notifier.py:77] - Successfully sent winotify notification: AI Broker Started
2025-04-08 14:05:00,027 - INFO - [aitable_notifier.py:148] - Successfully fetched record count: 4
2025-04-08 14:05:00,029 - INFO - [aitable_notifier.py:163] - Successfully saved record count: 4
2025-04-08 14:05:10,037 - INFO - [aitable_notifier.py:207] - Checking for new records...
2025-04-08 14:05:10,038 - INFO - [aitable_notifier.py:176] - Successfully loaded last record count: 4
2025-04-08 14:05:11,557 - INFO - [aitable_notifier.py:148] - Successfully fetched record count: 4
2025-04-08 14:05:21,610 - INFO - [aitable_notifier.py:207] - Checking for new records...
2025-04-08 14:05:21,611 - INFO - [aitable_notifier.py:176] - Successfully loaded last record count: 4
2025-04-08 14:05:22,961 - INFO - [aitable_notifier.py:148] - Successfully fetched record count: 4
2025-04-08 14:05:33,002 - INFO - [aitable_notifier.py:207] - Checking for new records...
2025-04-08 14:05:33,003 - INFO - [aitable_notifier.py:176] - Successfully loaded last record count: 4
2025-04-08 14:05:34,064 - INFO - [aitable_notifier.py:148] - Successfully fetched record count: 4
2025-04-08 14:05:44,071 - INFO - [aitable_notifier.py:207] - Checking for new records...
2025-04-08 14:05:44,072 - INFO - [aitable_notifier.py:176] - Successfully loaded last record count: 4
2025-04-08 14:05:45,308 - INFO - [aitable_notifier.py:148] - Successfully fetched record count: 4
2025-04-08 14:05:55,316 - INFO - [aitable_notifier.py:207] - Checking for new records...
2025-04-08 14:05:55,319 - INFO - [aitable_notifier.py:176] - Successfully loaded last record count: 4
2025-04-08 14:05:56,620 - INFO - [aitable_notifier.py:148] - Successfully fetched record count: 4
2025-04-08 14:06:06,641 - INFO - [aitable_notifier.py:207] - Checking for new records...
2025-04-08 14:06:06,641 - INFO - [aitable_notifier.py:176] - Successfully loaded last record count: 4
2025-04-08 14:06:08,235 - INFO - [aitable_notifier.py:148] - Successfully fetched record count: 4
2025-04-08 14:06:18,242 - INFO - [aitable_notifier.py:207] - Checking for new records...
2025-04-08 14:06:18,243 - INFO - [aitable_notifier.py:176] - Successfully loaded last record count: 4
2025-04-08 14:06:19,521 - INFO - [aitable_notifier.py:148] - Successfully fetched record count: 4
2025-04-08 14:06:29,530 - INFO - [aitable_notifier.py:207] - Checking for new records...
2025-04-08 14:06:29,531 - INFO - [aitable_notifier.py:176] - Successfully loaded last record count: 4
2025-04-08 14:06:30,812 - INFO - [aitable_notifier.py:148] - Successfully fetched record count: 4
2025-04-08 14:06:40,821 - INFO - [aitable_notifier.py:207] - Checking for new records...
2025-04-08 14:06:40,822 - INFO - [aitable_notifier.py:176] - Successfully loaded last record count: 4
2025-04-08 14:06:41,943 - INFO - [aitable_notifier.py:148] - Successfully fetched record count: 4
2025-04-08 14:06:51,954 - INFO - [aitable_notifier.py:207] - Checking for new records...
2025-04-08 14:06:51,955 - INFO - [aitable_notifier.py:176] - Successfully loaded last record count: 4
2025-04-08 14:06:53,278 - INFO - [aitable_notifier.py:148] - Successfully fetched record count: 4
2025-04-08 14:07:03,288 - INFO - [aitable_notifier.py:207] - Checking for new records...
2025-04-08 14:07:03,288 - INFO - [aitable_notifier.py:176] - Successfully loaded last record count: 4
2025-04-08 14:07:04,548 - INFO - [aitable_notifier.py:148] - Successfully fetched record count: 4
2025-04-08 14:07:14,559 - INFO - [aitable_notifier.py:207] - Checking for new records...
2025-04-08 14:07:14,559 - INFO - [aitable_notifier.py:176] - Successfully loaded last record count: 4
2025-04-08 14:07:15,747 - INFO - [aitable_notifier.py:148] - Successfully fetched record count: 4
2025-04-08 14:08:31,602 - INFO - [aitable_notifier.py:30] - Successfully initialized winotify for Windows 11 notifications
2025-04-08 14:08:31,603 - INFO - [aitable_notifier.py:54] - Found icon at: C:\Users\Hello World!\Desktop\COMPLETE\AIBROKER-NOTIF\ka.png
2025-04-08 14:08:31,604 - INFO - [aitable_notifier.py:238] - Starting AITable Monitor...
2025-04-08 14:08:31,622 - INFO - [aitable_notifier.py:77] - Successfully sent winotify notification: AI Broker Started
2025-04-08 14:08:32,859 - INFO - [aitable_notifier.py:148] - Successfully fetched record count: 4
2025-04-08 14:08:32,861 - INFO - [aitable_notifier.py:163] - Successfully saved record count: 4
2025-04-08 14:08:42,888 - INFO - [aitable_notifier.py:207] - Checking for new records...
2025-04-08 14:08:42,889 - INFO - [aitable_notifier.py:176] - Successfully loaded last record count: 4
2025-04-08 14:08:44,297 - INFO - [aitable_notifier.py:148] - Successfully fetched record count: 4
2025-04-08 14:08:54,352 - INFO - [aitable_notifier.py:207] - Checking for new records...
2025-04-08 14:08:54,354 - INFO - [aitable_notifier.py:176] - Successfully loaded last record count: 4
2025-04-08 14:08:55,658 - INFO - [aitable_notifier.py:148] - Successfully fetched record count: 4
2025-04-08 14:09:05,671 - INFO - [aitable_notifier.py:207] - Checking for new records...
2025-04-08 14:09:05,673 - INFO - [aitable_notifier.py:176] - Successfully loaded last record count: 4
2025-04-08 14:09:06,868 - INFO - [aitable_notifier.py:148] - Successfully fetched record count: 4
2025-04-08 14:09:16,875 - INFO - [aitable_notifier.py:207] - Checking for new records...
2025-04-08 14:09:16,875 - INFO - [aitable_notifier.py:176] - Successfully loaded last record count: 4
2025-04-08 14:09:18,153 - INFO - [aitable_notifier.py:148] - Successfully fetched record count: 4
2025-04-08 14:09:28,195 - INFO - [aitable_notifier.py:207] - Checking for new records...
2025-04-08 14:09:28,196 - INFO - [aitable_notifier.py:176] - Successfully loaded last record count: 4
2025-04-08 14:09:29,307 - INFO - [aitable_notifier.py:148] - Successfully fetched record count: 4
2025-04-08 14:09:39,314 - INFO - [aitable_notifier.py:207] - Checking for new records...
2025-04-08 14:09:39,315 - INFO - [aitable_notifier.py:176] - Successfully loaded last record count: 4
2025-04-08 14:09:40,481 - INFO - [aitable_notifier.py:148] - Successfully fetched record count: 4
2025-04-08 14:09:50,488 - INFO - [aitable_notifier.py:207] - Checking for new records...
2025-04-08 14:09:50,488 - INFO - [aitable_notifier.py:176] - Successfully loaded last record count: 4
2025-04-08 14:09:51,717 - INFO - [aitable_notifier.py:148] - Successfully fetched record count: 4
2025-04-08 14:10:01,726 - INFO - [aitable_notifier.py:207] - Checking for new records...
2025-04-08 14:10:01,726 - INFO - [aitable_notifier.py:176] - Successfully loaded last record count: 4
2025-04-08 14:10:03,177 - INFO - [aitable_notifier.py:148] - Successfully fetched record count: 4
2025-04-08 14:10:13,192 - INFO - [aitable_notifier.py:207] - Checking for new records...
2025-04-08 14:10:13,194 - INFO - [aitable_notifier.py:176] - Successfully loaded last record count: 4
2025-04-08 14:10:14,478 - INFO - [aitable_notifier.py:148] - Successfully fetched record count: 4
2025-04-08 14:10:24,490 - INFO - [aitable_notifier.py:207] - Checking for new records...
2025-04-08 14:10:24,492 - INFO - [aitable_notifier.py:176] - Successfully loaded last record count: 4
2025-04-08 14:10:25,691 - INFO - [aitable_notifier.py:148] - Successfully fetched record count: 4
2025-04-08 14:10:35,703 - INFO - [aitable_notifier.py:207] - Checking for new records...
2025-04-08 14:10:35,704 - INFO - [aitable_notifier.py:176] - Successfully loaded last record count: 4
2025-04-08 14:10:36,923 - INFO - [aitable_notifier.py:148] - Successfully fetched record count: 4
2025-04-08 14:10:46,936 - INFO - [aitable_notifier.py:207] - Checking for new records...
2025-04-08 14:10:46,937 - INFO - [aitable_notifier.py:176] - Successfully loaded last record count: 4
2025-04-08 14:10:48,091 - INFO - [aitable_notifier.py:148] - Successfully fetched record count: 4
2025-04-08 14:10:58,099 - INFO - [aitable_notifier.py:207] - Checking for new records...
2025-04-08 14:10:58,100 - INFO - [aitable_notifier.py:176] - Successfully loaded last record count: 4
2025-04-08 14:10:59,228 - INFO - [aitable_notifier.py:148] - Successfully fetched record count: 4
2025-04-08 14:11:09,234 - INFO - [aitable_notifier.py:207] - Checking for new records...
2025-04-08 14:11:09,236 - INFO - [aitable_notifier.py:176] - Successfully loaded last record count: 4
2025-04-08 14:11:10,442 - INFO - [aitable_notifier.py:148] - Successfully fetched record count: 4
2025-04-08 14:11:20,462 - INFO - [aitable_notifier.py:207] - Checking for new records...
2025-04-08 14:11:20,465 - INFO - [aitable_notifier.py:176] - Successfully loaded last record count: 4
2025-04-08 14:11:22,432 - INFO - [aitable_notifier.py:148] - Successfully fetched record count: 4
2025-04-08 14:11:32,440 - INFO - [aitable_notifier.py:207] - Checking for new records...
2025-04-08 14:11:32,441 - INFO - [aitable_notifier.py:176] - Successfully loaded last record count: 4
2025-04-08 14:11:33,757 - INFO - [aitable_notifier.py:148] - Successfully fetched record count: 4
2025-04-08 14:11:43,788 - INFO - [aitable_notifier.py:207] - Checking for new records...
2025-04-08 14:11:43,789 - INFO - [aitable_notifier.py:176] - Successfully loaded last record count: 4
2025-04-08 14:11:45,005 - INFO - [aitable_notifier.py:148] - Successfully fetched record count: 4
2025-04-08 14:11:55,029 - INFO - [aitable_notifier.py:207] - Checking for new records...
2025-04-08 14:11:55,032 - INFO - [aitable_notifier.py:176] - Successfully loaded last record count: 4
2025-04-08 14:11:56,348 - INFO - [aitable_notifier.py:148] - Successfully fetched record count: 4
2025-04-08 14:12:06,358 - INFO - [aitable_notifier.py:207] - Checking for new records...
2025-04-08 14:12:06,358 - INFO - [aitable_notifier.py:176] - Successfully loaded last record count: 4
2025-04-08 14:12:07,492 - INFO - [aitable_notifier.py:148] - Successfully fetched record count: 4
2025-04-08 14:12:17,505 - INFO - [aitable_notifier.py:207] - Checking for new records...
2025-04-08 14:12:17,506 - INFO - [aitable_notifier.py:176] - Successfully loaded last record count: 4
2025-04-08 14:12:19,007 - INFO - [aitable_notifier.py:148] - Successfully fetched record count: 4
2025-04-08 14:12:29,037 - INFO - [aitable_notifier.py:207] - Checking for new records...
2025-04-08 14:12:29,040 - INFO - [aitable_notifier.py:176] - Successfully loaded last record count: 4
2025-04-08 14:12:30,803 - INFO - [aitable_notifier.py:148] - Successfully fetched record count: 4
2025-04-08 14:12:50,163 - INFO - [aitable_notifier.py:30] - Successfully initialized winotify for Windows 11 notifications
2025-04-08 14:12:50,163 - INFO - [aitable_notifier.py:54] - Found icon at: C:\Users\Hello World!\Desktop\COMPLETE\AIBROKER-NOTIF\ka.png
2025-04-08 14:12:50,164 - INFO - [aitable_notifier.py:238] - Starting AITable Monitor...
2025-04-08 14:12:50,195 - INFO - [aitable_notifier.py:77] - Successfully sent winotify notification: AI Broker Started
2025-04-08 14:12:51,414 - INFO - [aitable_notifier.py:148] - Successfully fetched record count: 4
2025-04-08 14:12:51,416 - INFO - [aitable_notifier.py:163] - Successfully saved record count: 4
2025-04-08 14:13:01,456 - INFO - [aitable_notifier.py:207] - Checking for new records...
2025-04-08 14:13:01,460 - INFO - [aitable_notifier.py:176] - Successfully loaded last record count: 4
2025-04-08 14:13:02,964 - INFO - [aitable_notifier.py:148] - Successfully fetched record count: 4
2025-04-08 14:13:12,987 - INFO - [aitable_notifier.py:207] - Checking for new records...
2025-04-08 14:13:12,989 - INFO - [aitable_notifier.py:176] - Successfully loaded last record count: 4
2025-04-08 14:13:14,208 - INFO - [aitable_notifier.py:148] - Successfully fetched record count: 4
2025-04-08 14:13:24,216 - INFO - [aitable_notifier.py:207] - Checking for new records...
2025-04-08 14:13:24,216 - INFO - [aitable_notifier.py:176] - Successfully loaded last record count: 4
2025-04-08 14:13:25,800 - INFO - [aitable_notifier.py:148] - Successfully fetched record count: 4
2025-04-08 14:13:35,807 - INFO - [aitable_notifier.py:207] - Checking for new records...
2025-04-08 14:13:35,809 - INFO - [aitable_notifier.py:176] - Successfully loaded last record count: 4
2025-04-08 14:13:37,147 - INFO - [aitable_notifier.py:148] - Successfully fetched record count: 4
2025-04-08 14:13:47,154 - INFO - [aitable_notifier.py:207] - Checking for new records...
2025-04-08 14:13:47,155 - INFO - [aitable_notifier.py:176] - Successfully loaded last record count: 4
2025-04-08 14:13:48,387 - INFO - [aitable_notifier.py:148] - Successfully fetched record count: 4
2025-04-08 14:13:58,395 - INFO - [aitable_notifier.py:207] - Checking for new records...
2025-04-08 14:13:58,396 - INFO - [aitable_notifier.py:176] - Successfully loaded last record count: 4
2025-04-08 14:14:00,011 - INFO - [aitable_notifier.py:148] - Successfully fetched record count: 4
2025-04-08 14:14:10,019 - INFO - [aitable_notifier.py:207] - Checking for new records...
2025-04-08 14:14:10,021 - INFO - [aitable_notifier.py:176] - Successfully loaded last record count: 4
2025-04-08 14:14:11,316 - INFO - [aitable_notifier.py:148] - Successfully fetched record count: 4
2025-04-08 14:14:21,349 - INFO - [aitable_notifier.py:207] - Checking for new records...
2025-04-08 14:14:21,352 - INFO - [aitable_notifier.py:176] - Successfully loaded last record count: 4
2025-04-08 14:14:22,645 - INFO - [aitable_notifier.py:148] - Successfully fetched record count: 4
2025-04-08 14:14:32,661 - INFO - [aitable_notifier.py:207] - Checking for new records...
2025-04-08 14:14:32,671 - INFO - [aitable_notifier.py:176] - Successfully loaded last record count: 4
2025-04-08 14:14:34,030 - INFO - [aitable_notifier.py:148] - Successfully fetched record count: 4
2025-04-08 14:14:44,054 - INFO - [aitable_notifier.py:207] - Checking for new records...
2025-04-08 14:14:44,056 - INFO - [aitable_notifier.py:176] - Successfully loaded last record count: 4
2025-04-08 14:14:45,336 - INFO - [aitable_notifier.py:148] - Successfully fetched record count: 4
2025-04-08 14:14:55,346 - INFO - [aitable_notifier.py:207] - Checking for new records...
2025-04-08 14:14:55,348 - INFO - [aitable_notifier.py:176] - Successfully loaded last record count: 4
2025-04-08 14:14:56,583 - INFO - [aitable_notifier.py:148] - Successfully fetched record count: 4
2025-04-08 14:15:06,592 - INFO - [aitable_notifier.py:207] - Checking for new records...
2025-04-08 14:15:06,594 - INFO - [aitable_notifier.py:176] - Successfully loaded last record count: 4
2025-04-08 14:15:07,895 - INFO - [aitable_notifier.py:148] - Successfully fetched record count: 4
2025-04-08 14:15:17,904 - INFO - [aitable_notifier.py:207] - Checking for new records...
2025-04-08 14:15:17,904 - INFO - [aitable_notifier.py:176] - Successfully loaded last record count: 4
2025-04-08 14:15:19,124 - INFO - [aitable_notifier.py:148] - Successfully fetched record count: 4
2025-04-08 14:15:29,132 - INFO - [aitable_notifier.py:207] - Checking for new records...
2025-04-08 14:15:29,132 - INFO - [aitable_notifier.py:176] - Successfully loaded last record count: 4
2025-04-08 14:15:30,523 - INFO - [aitable_notifier.py:148] - Successfully fetched record count: 4
2025-04-08 14:15:40,530 - INFO - [aitable_notifier.py:207] - Checking for new records...
2025-04-08 14:15:40,536 - INFO - [aitable_notifier.py:176] - Successfully loaded last record count: 4
2025-04-08 14:15:41,673 - INFO - [aitable_notifier.py:148] - Successfully fetched record count: 4
2025-04-08 14:15:51,688 - INFO - [aitable_notifier.py:207] - Checking for new records...
2025-04-08 14:15:51,693 - INFO - [aitable_notifier.py:176] - Successfully loaded last record count: 4
2025-04-08 14:15:52,852 - INFO - [aitable_notifier.py:148] - Successfully fetched record count: 4
2025-04-08 14:16:03,116 - INFO - [aitable_notifier.py:207] - Checking for new records...
2025-04-08 14:16:03,119 - INFO - [aitable_notifier.py:176] - Successfully loaded last record count: 4
2025-04-08 14:16:04,373 - INFO - [aitable_notifier.py:148] - Successfully fetched record count: 4
2025-04-08 14:16:14,398 - INFO - [aitable_notifier.py:207] - Checking for new records...
2025-04-08 14:16:14,398 - INFO - [aitable_notifier.py:176] - Successfully loaded last record count: 4
2025-04-08 14:16:15,591 - INFO - [aitable_notifier.py:148] - Successfully fetched record count: 4
2025-04-08 14:16:25,600 - INFO - [aitable_notifier.py:207] - Checking for new records...
2025-04-08 14:16:25,600 - INFO - [aitable_notifier.py:176] - Successfully loaded last record count: 4
2025-04-08 14:16:26,934 - INFO - [aitable_notifier.py:148] - Successfully fetched record count: 4
2025-04-08 14:16:37,101 - INFO - [aitable_notifier.py:207] - Checking for new records...
2025-04-08 14:16:37,107 - INFO - [aitable_notifier.py:176] - Successfully loaded last record count: 4
2025-04-08 14:16:38,416 - INFO - [aitable_notifier.py:148] - Successfully fetched record count: 4
2025-04-08 14:16:48,421 - INFO - [aitable_notifier.py:207] - Checking for new records...
2025-04-08 14:16:48,421 - INFO - [aitable_notifier.py:176] - Successfully loaded last record count: 4
2025-04-08 14:16:49,652 - INFO - [aitable_notifier.py:148] - Successfully fetched record count: 4
2025-04-08 14:16:59,656 - INFO - [aitable_notifier.py:207] - Checking for new records...
2025-04-08 14:16:59,656 - INFO - [aitable_notifier.py:176] - Successfully loaded last record count: 4
2025-04-08 14:17:00,793 - INFO - [aitable_notifier.py:148] - Successfully fetched record count: 4
2025-04-08 14:17:10,801 - INFO - [aitable_notifier.py:207] - Checking for new records...
2025-04-08 14:17:10,801 - INFO - [aitable_notifier.py:176] - Successfully loaded last record count: 4
2025-04-08 14:17:11,977 - INFO - [aitable_notifier.py:148] - Successfully fetched record count: 4
2025-04-08 14:17:21,984 - INFO - [aitable_notifier.py:207] - Checking for new records...
2025-04-08 14:17:21,985 - INFO - [aitable_notifier.py:176] - Successfully loaded last record count: 4
2025-04-08 14:17:23,255 - INFO - [aitable_notifier.py:148] - Successfully fetched record count: 4
2025-04-08 14:17:33,263 - INFO - [aitable_notifier.py:207] - Checking for new records...
2025-04-08 14:17:33,264 - INFO - [aitable_notifier.py:176] - Successfully loaded last record count: 4
2025-04-08 14:17:34,425 - INFO - [aitable_notifier.py:148] - Successfully fetched record count: 4
2025-04-08 14:17:44,434 - INFO - [aitable_notifier.py:207] - Checking for new records...
2025-04-08 14:17:44,434 - INFO - [aitable_notifier.py:176] - Successfully loaded last record count: 4
2025-04-08 14:17:45,566 - INFO - [aitable_notifier.py:148] - Successfully fetched record count: 4
2025-04-08 14:17:55,575 - INFO - [aitable_notifier.py:207] - Checking for new records...
2025-04-08 14:17:55,576 - INFO - [aitable_notifier.py:176] - Successfully loaded last record count: 4
2025-04-08 14:17:56,666 - INFO - [aitable_notifier.py:148] - Successfully fetched record count: 4
2025-04-08 14:18:06,671 - INFO - [aitable_notifier.py:207] - Checking for new records...
2025-04-08 14:18:06,672 - INFO - [aitable_notifier.py:176] - Successfully loaded last record count: 4
2025-04-08 14:18:08,040 - INFO - [aitable_notifier.py:148] - Successfully fetched record count: 5
2025-04-08 14:18:08,041 - INFO - [aitable_notifier.py:216] - Found 1 new records!
2025-04-08 14:18:08,056 - INFO - [aitable_notifier.py:77] - Successfully sent winotify notification: 🔔 AI Broker Alert!
2025-04-08 14:18:08,057 - INFO - [aitable_notifier.py:163] - Successfully saved record count: 5
2025-04-08 14:18:18,065 - INFO - [aitable_notifier.py:207] - Checking for new records...
2025-04-08 14:18:18,065 - INFO - [aitable_notifier.py:176] - Successfully loaded last record count: 5
2025-04-08 14:18:19,239 - INFO - [aitable_notifier.py:148] - Successfully fetched record count: 5
2025-04-08 14:18:29,246 - INFO - [aitable_notifier.py:207] - Checking for new records...
2025-04-08 14:18:29,247 - INFO - [aitable_notifier.py:176] - Successfully loaded last record count: 5
2025-04-08 14:18:30,508 - INFO - [aitable_notifier.py:148] - Successfully fetched record count: 5
